{"/home/runner/work/image-resizer-cli/image-resizer-cli/src/resizer.ts": {"path":"/home/runner/work/image-resizer-cli/image-resizer-cli/src/resizer.ts","statementMap":{"0":{"start":{"line":8,"column":0},"end":{"line":8,"column":7}},"1":{"start":{"line":28,"column":0},"end":{"line":28,"column":7}},"2":{"start":{"line":62,"column":0},"end":{"line":62,"column":7}},"3":{"start":{"line":97,"column":0},"end":{"line":97,"column":7}},"4":{"start":{"line":116,"column":0},"end":{"line":116,"column":7}},"5":{"start":{"line":1,"column":0},"end":{"line":1,"column":26}},"6":{"start":{"line":2,"column":0},"end":{"line":2,"column":20}},"7":{"start":{"line":3,"column":0},"end":{"line":3,"column":24}},"8":{"start":{"line":14,"column":2},"end":{"line":22,"column":3}},"9":{"start":{"line":15,"column":4},"end":{"line":15,"column":68}},"10":{"start":{"line":17,"column":4},"end":{"line":21,"column":5}},"11":{"start":{"line":18,"column":6},"end":{"line":18,"column":67}},"12":{"start":{"line":20,"column":6},"end":{"line":20,"column":77}},"13":{"start":{"line":32,"column":2},"end":{"line":56,"column":3}},"14":{"start":{"line":33,"column":17},"end":{"line":33,"column":64}},"15":{"start":{"line":36,"column":4},"end":{"line":36,"column":42}},"16":{"start":{"line":36,"column":26},"end":{"line":36,"column":42}},"17":{"start":{"line":38,"column":25},"end":{"line":38,"column":64}},"18":{"start":{"line":40,"column":4},"end":{"line":44,"column":5}},"19":{"start":{"line":41,"column":6},"end":{"line":43,"column":8}},"20":{"start":{"line":46,"column":4},"end":{"line":48,"column":26}},"21":{"start":{"line":50,"column":4},"end":{"line":55,"column":5}},"22":{"start":{"line":51,"column":6},"end":{"line":51,"column":67}},"23":{"start":{"line":52,"column":6},"end":{"line":52,"column":18}},"24":{"start":{"line":54,"column":6},"end":{"line":54,"column":79}},"25":{"start":{"line":68,"column":2},"end":{"line":91,"column":3}},"26":{"start":{"line":69,"column":4},"end":{"line":71,"column":5}},"27":{"start":{"line":70,"column":6},"end":{"line":70,"column":51}},"28":{"start":{"line":74,"column":29},"end":{"line":74,"column":64}},"29":{"start":{"line":76,"column":18},"end":{"line":78,"column":52}},"30":{"start":{"line":78,"column":24},"end":{"line":78,"column":51}},"31":{"start":{"line":80,"column":4},"end":{"line":84,"column":5}},"32":{"start":{"line":81,"column":24},"end":{"line":81,"column":49}},"33":{"start":{"line":82,"column":25},"end":{"line":82,"column":51}},"34":{"start":{"line":83,"column":6},"end":{"line":83,"column":62}},"35":{"start":{"line":86,"column":4},"end":{"line":90,"column":5}},"36":{"start":{"line":87,"column":6},"end":{"line":87,"column":73}},"37":{"start":{"line":89,"column":6},"end":{"line":89,"column":80}},"38":{"start":{"line":102,"column":2},"end":{"line":110,"column":3}},"39":{"start":{"line":103,"column":4},"end":{"line":103,"column":64}},"40":{"start":{"line":105,"column":4},"end":{"line":109,"column":5}},"41":{"start":{"line":106,"column":6},"end":{"line":106,"column":68}},"42":{"start":{"line":108,"column":6},"end":{"line":108,"column":80}},"43":{"start":{"line":117,"column":2},"end":{"line":125,"column":3}},"44":{"start":{"line":118,"column":4},"end":{"line":118,"column":45}},"45":{"start":{"line":120,"column":4},"end":{"line":124,"column":5}},"46":{"start":{"line":121,"column":6},"end":{"line":121,"column":72}},"47":{"start":{"line":123,"column":6},"end":{"line":123,"column":84}}},"fnMap":{"0":{"name":"resizeImage","decl":{"start":{"line":8,"column":22},"end":{"line":8,"column":33}},"loc":{"start":{"line":12,"column":17},"end":{"line":23,"column":1}}},"1":{"name":"convertImage","decl":{"start":{"line":28,"column":22},"end":{"line":28,"column":34}},"loc":{"start":{"line":30,"column":20},"end":{"line":57,"column":1}}},"2":{"name":"batchResize","decl":{"start":{"line":62,"column":22},"end":{"line":62,"column":33}},"loc":{"start":{"line":66,"column":17},"end":{"line":92,"column":1}}},"3":{"name":"(anonymous_4)","decl":{"start":{"line":78,"column":14},"end":{"line":78,"column":15}},"loc":{"start":{"line":78,"column":24},"end":{"line":78,"column":51}}},"4":{"name":"compressImage","decl":{"start":{"line":97,"column":22},"end":{"line":97,"column":35}},"loc":{"start":{"line":100,"column":17},"end":{"line":111,"column":1}}},"5":{"name":"getImageInfo","decl":{"start":{"line":116,"column":22},"end":{"line":116,"column":34}},"loc":{"start":{"line":116,"column":52},"end":{"line":126,"column":1}}}},"branchMap":{"0":{"loc":{"start":{"line":17,"column":4},"end":{"line":21,"column":5}},"type":"if","locations":[{"start":{"line":17,"column":4},"end":{"line":21,"column":5}},{"start":{"line":19,"column":11},"end":{"line":21,"column":5}}]},"1":{"loc":{"start":{"line":36,"column":4},"end":{"line":36,"column":42}},"type":"if","locations":[{"start":{"line":36,"column":4},"end":{"line":36,"column":42}}]},"2":{"loc":{"start":{"line":40,"column":4},"end":{"line":44,"column":5}},"type":"if","locations":[{"start":{"line":40,"column":4},"end":{"line":44,"column":5}}]},"3":{"loc":{"start":{"line":50,"column":4},"end":{"line":55,"column":5}},"type":"if","locations":[{"start":{"line":50,"column":4},"end":{"line":55,"column":5}},{"start":{"line":53,"column":11},"end":{"line":55,"column":5}}]},"4":{"loc":{"start":{"line":69,"column":4},"end":{"line":71,"column":5}},"type":"if","locations":[{"start":{"line":69,"column":4},"end":{"line":71,"column":5}}]},"5":{"loc":{"start":{"line":86,"column":4},"end":{"line":90,"column":5}},"type":"if","locations":[{"start":{"line":86,"column":4},"end":{"line":90,"column":5}},{"start":{"line":88,"column":11},"end":{"line":90,"column":5}}]},"6":{"loc":{"start":{"line":105,"column":4},"end":{"line":109,"column":5}},"type":"if","locations":[{"start":{"line":105,"column":4},"end":{"line":109,"column":5}},{"start":{"line":107,"column":11},"end":{"line":109,"column":5}}]},"7":{"loc":{"start":{"line":120,"column":4},"end":{"line":124,"column":5}},"type":"if","locations":[{"start":{"line":120,"column":4},"end":{"line":124,"column":5}},{"start":{"line":122,"column":11},"end":{"line":124,"column":5}}]}},"s":{"0":1,"1":1,"2":1,"3":1,"4":1,"5":1,"6":1,"7":1,"8":3,"9":3,"10":0,"11":0,"12":0,"13":6,"14":6,"15":6,"16":1,"17":6,"18":6,"19":1,"20":5,"21":1,"22":1,"23":1,"24":0,"25":1,"26":1,"27":1,"28":1,"29":1,"30":2,"31":1,"32":2,"33":2,"34":2,"35":0,"36":0,"37":0,"38":1,"39":1,"40":0,"41":0,"42":0,"43":1,"44":1,"45":0,"46":0,"47":0},"f":{"0":3,"1":6,"2":1,"3":2,"4":1,"5":1},"b":{"0":[0,0],"1":[1],"2":[1],"3":[1,0],"4":[1],"5":[0,0],"6":[0,0],"7":[0,0]}}
}
