TN:
SF:src/resizer.ts
FN:8,resizeImage
FN:28,convertImage
FN:60,batchResize
FN:73,(anonymous_4)
FN:92,compressImage
FN:111,getImageInfo
FNF:6
FNH:6
FNDA:3,resizeImage
FNDA:3,convertImage
FNDA:1,batchResize
FNDA:2,(anonymous_4)
FNDA:1,compressImage
FNDA:1,getImageInfo
DA:1,1
DA:2,1
DA:3,1
DA:8,1
DA:14,3
DA:15,3
DA:17,0
DA:18,0
DA:20,0
DA:28,1
DA:32,3
DA:33,3
DA:35,3
DA:37,3
DA:38,1
DA:43,2
DA:46,2
DA:48,1
DA:49,1
DA:50,1
DA:52,0
DA:60,1
DA:66,1
DA:67,1
DA:68,1
DA:71,1
DA:73,2
DA:75,1
DA:76,2
DA:77,2
DA:78,2
DA:81,0
DA:82,0
DA:84,0
DA:92,1
DA:97,1
DA:98,1
DA:100,0
DA:101,0
DA:103,0
DA:111,1
DA:112,1
DA:113,1
DA:115,0
DA:116,0
DA:118,0
LF:46
LH:33
BRDA:17,0,0,0
BRDA:17,0,1,0
BRDA:37,1,0,1
BRDA:48,2,0,1
BRDA:48,2,1,0
BRDA:67,3,0,1
BRDA:81,4,0,0
BRDA:81,4,1,0
BRDA:100,5,0,0
BRDA:100,5,1,0
BRDA:115,6,0,0
BRDA:115,6,1,0
BRF:12
BRH:3
end_of_record
