TN:
SF:src/resizer.ts
FN:8,resizeImage
FN:28,convertImage
FN:62,batchResize
FN:78,(anonymous_4)
FN:97,compressImage
FN:116,getImageInfo
FNF:6
FNH:6
FNDA:3,resizeImage
FNDA:6,convertImage
FNDA:1,batchResize
FNDA:2,(anonymous_4)
FNDA:1,compressImage
FNDA:1,getImageInfo
DA:1,1
DA:2,1
DA:3,1
DA:8,1
DA:14,3
DA:15,3
DA:17,0
DA:18,0
DA:20,0
DA:28,1
DA:32,6
DA:33,6
DA:36,6
DA:38,6
DA:40,6
DA:41,1
DA:46,5
DA:50,1
DA:51,1
DA:52,1
DA:54,0
DA:62,1
DA:68,1
DA:69,1
DA:70,1
DA:74,1
DA:76,1
DA:78,2
DA:80,1
DA:81,2
DA:82,2
DA:83,2
DA:86,0
DA:87,0
DA:89,0
DA:97,1
DA:102,1
DA:103,1
DA:105,0
DA:106,0
DA:108,0
DA:116,1
DA:117,1
DA:118,1
DA:120,0
DA:121,0
DA:123,0
LF:47
LH:34
BRDA:17,0,0,0
BRDA:17,0,1,0
BRDA:36,1,0,1
BRDA:40,2,0,1
BRDA:50,3,0,1
BRDA:50,3,1,0
BRDA:69,4,0,1
BRDA:86,5,0,0
BRDA:86,5,1,0
BRDA:105,6,0,0
BRDA:105,6,1,0
BRDA:120,7,0,0
BRDA:120,7,1,0
BRF:13
BRH:4
end_of_record
